running develop
running egg_info
creating rrt_drone.egg-info
writing rrt_drone.egg-info/PKG-INFO
writing dependency_links to rrt_drone.egg-info/dependency_links.txt
writing entry points to rrt_drone.egg-info/entry_points.txt
writing requirements to rrt_drone.egg-info/requires.txt
writing top-level names to rrt_drone.egg-info/top_level.txt
writing manifest file 'rrt_drone.egg-info/SOURCES.txt'
reading manifest file 'rrt_drone.egg-info/SOURCES.txt'
writing manifest file 'rrt_drone.egg-info/SOURCES.txt'
running build_ext
Creating /home/happy/rrt_workspace/install/rrt_drone/lib/python3.10/site-packages/rrt-drone.egg-link (link to .)
Installing path_planner script to /home/happy/rrt_workspace/install/rrt_drone/bin

Installed /home/happy/rrt_workspace/build/rrt_drone
running symlink_data
creating /home/happy/rrt_workspace/install/rrt_drone/share/ament_index
creating /home/happy/rrt_workspace/install/rrt_drone/share/ament_index/resource_index
creating /home/happy/rrt_workspace/install/rrt_drone/share/ament_index/resource_index/packages
symbolically linking /home/happy/rrt_workspace/build/rrt_drone/resource/rrt_drone -> /home/happy/rrt_workspace/install/rrt_drone/share/ament_index/resource_index/packages
symbolically linking /home/happy/rrt_workspace/build/rrt_drone/package.xml -> /home/happy/rrt_workspace/install/rrt_drone/share/rrt_drone
creating /home/happy/rrt_workspace/install/rrt_drone/share/rrt_drone/launch
symbolically linking /home/happy/rrt_workspace/build/rrt_drone/launch/pc_planner.launch.py -> /home/happy/rrt_workspace/install/rrt_drone/share/rrt_drone/launch
creating /home/happy/rrt_workspace/install/rrt_drone/share/rrt_drone/config
symbolically linking /home/happy/rrt_workspace/build/rrt_drone/config/fastdds_server.xml -> /home/happy/rrt_workspace/install/rrt_drone/share/rrt_drone/config
