[0.349s] Invoking command in '/home/happy/rrt_workspace/build/rrt_drone': PYTHONPATH=/home/happy/rrt_workspace/build/rrt_drone/prefix_override:/usr/lib/python3/dist-packages/colcon_core/task/python/colcon_distutils_commands:/home/happy/rrt_workspace/install/rrt_drone/lib/python3.10/site-packages:${PYTHONPATH} /usr/bin/python3 -W ignore:setup.py install is deprecated -W ignore:easy_install command is deprecated setup.py develop --editable --build-directory /home/happy/rrt_workspace/build/rrt_drone/build --no-deps symlink_data
[0.492s] running develop
[0.565s] running egg_info
[0.565s] creating rrt_drone.egg-info
[0.565s] writing rrt_drone.egg-info/PKG-INFO
[0.565s] writing dependency_links to rrt_drone.egg-info/dependency_links.txt
[0.565s] writing entry points to rrt_drone.egg-info/entry_points.txt
[0.565s] writing requirements to rrt_drone.egg-info/requires.txt
[0.565s] writing top-level names to rrt_drone.egg-info/top_level.txt
[0.565s] writing manifest file 'rrt_drone.egg-info/SOURCES.txt'
[0.566s] reading manifest file 'rrt_drone.egg-info/SOURCES.txt'
[0.566s] writing manifest file 'rrt_drone.egg-info/SOURCES.txt'
[0.567s] running build_ext
[0.567s] Creating /home/happy/rrt_workspace/install/rrt_drone/lib/python3.10/site-packages/rrt-drone.egg-link (link to .)
[0.567s] Installing path_planner script to /home/happy/rrt_workspace/install/rrt_drone/bin
[0.567s] 
[0.567s] Installed /home/happy/rrt_workspace/build/rrt_drone
[0.567s] running symlink_data
[0.567s] creating /home/happy/rrt_workspace/install/rrt_drone/share/ament_index
[0.567s] creating /home/happy/rrt_workspace/install/rrt_drone/share/ament_index/resource_index
[0.567s] creating /home/happy/rrt_workspace/install/rrt_drone/share/ament_index/resource_index/packages
[0.568s] symbolically linking /home/happy/rrt_workspace/build/rrt_drone/resource/rrt_drone -> /home/happy/rrt_workspace/install/rrt_drone/share/ament_index/resource_index/packages
[0.568s] symbolically linking /home/happy/rrt_workspace/build/rrt_drone/package.xml -> /home/happy/rrt_workspace/install/rrt_drone/share/rrt_drone
[0.568s] creating /home/happy/rrt_workspace/install/rrt_drone/share/rrt_drone/launch
[0.568s] symbolically linking /home/happy/rrt_workspace/build/rrt_drone/launch/pc_planner.launch.py -> /home/happy/rrt_workspace/install/rrt_drone/share/rrt_drone/launch
[0.568s] creating /home/happy/rrt_workspace/install/rrt_drone/share/rrt_drone/config
[0.568s] symbolically linking /home/happy/rrt_workspace/build/rrt_drone/config/fastdds_server.xml -> /home/happy/rrt_workspace/install/rrt_drone/share/rrt_drone/config
[0.583s] Invoked command in '/home/happy/rrt_workspace/build/rrt_drone' returned '0': PYTHONPATH=/home/happy/rrt_workspace/build/rrt_drone/prefix_override:/usr/lib/python3/dist-packages/colcon_core/task/python/colcon_distutils_commands:/home/happy/rrt_workspace/install/rrt_drone/lib/python3.10/site-packages:${PYTHONPATH} /usr/bin/python3 -W ignore:setup.py install is deprecated -W ignore:easy_install command is deprecated setup.py develop --editable --build-directory /home/happy/rrt_workspace/build/rrt_drone/build --no-deps symlink_data
